# JRE version: OpenJDK Runtime Environment (8.0_76-b03) (build 1.8.0_76-release-b03)
# Java VM: OpenJDK 64-Bit Server VM (25.76-b03 mixed mode windows-amd64 compressed oops)
Heap:
 PSYoungGen      total 253952K, used 119432K [0x00000000eab00000, 0x00000000fff80000, 0x0000000100000000)
  eden space 158720K, 46% used [0x00000000eab00000,0x00000000ef34df78,0x00000000f4600000)
  from space 95232K, 47% used [0x00000000f4600000,0x00000000f7254288,0x00000000fa300000)
  to   space 93696K, 0% used [0x00000000fa400000,0x00000000fa400000,0x00000000fff80000)
 ParOldGen       total 320000K, used 218611K [0x00000000c0000000, 0x00000000d3880000, 0x00000000eab00000)
  object space 320000K, 68% used [0x00000000c0000000,0x00000000cd57cc50,0x00000000d3880000)
 Metaspace       used 6491K, capacity 7218K, committed 7296K, reserved 1056768K
  class space    used 599K, capacity 618K, committed 640K, reserved 1048576K
GC Heap History (10 events):
Event: 29.384 GC heap before
{Heap before GC invocations=12 (full 1):
 PSYoungGen      total 195072K, used 195070K [0x00000000eab00000, 0x00000000fbc80000, 0x0000000100000000)
  eden space 151040K, 100% used [0x00000000eab00000,0x00000000f3e80000,0x00000000f3e80000)
  from space 44032K, 99% used [0x00000000f9180000,0x00000000fbc7f8d0,0x00000000fbc80000)
  to   space 55296K, 0% used [0x00000000f5080000,0x00000000f5080000,0x00000000f8680000)
 ParOldGen       total 99840K, used 58829K [0x00000000c0000000, 0x00000000c6180000, 0x00000000eab00000)
  object space 99840K, 58% used [0x00000000c0000000,0x00000000c3973540,0x00000000c6180000)
 Metaspace       used 6480K, capacity 7218K, committed 7296K, reserved 1056768K
  class space    used 599K, capacity 618K, committed 640K, reserved 1048576K
Event: 30.838 GC heap after
Heap after GC invocations=12 (full 1):
 PSYoungGen      total 224768K, used 55280K [0x00000000eab00000, 0x0000000100000000, 0x0000000100000000)
  eden space 169472K, 0% used [0x00000000eab00000,0x00000000eab00000,0x00000000f5080000)
  from space 55296K, 99% used [0x00000000f5080000,0x00000000f867c188,0x00000000f8680000)
  to   space 92672K, 0% used [0x00000000fa580000,0x00000000fa580000,0x0000000100000000)
 ParOldGen       total 133632K, used 133325K [0x00000000c0000000, 0x00000000c8280000, 0x00000000eab00000)
  object space 133632K, 99% used [0x00000000c0000000,0x00000000c8233438,0x00000000c8280000)
 Metaspace       used 6480K, capacity 7218K, committed 7296K, reserved 1056768K
  class space    used 599K, capacity 618K, committed 640K, reserved 1048576K
}
Event: 30.838 GC heap before
{Heap before GC invocations=13 (full 2):
 PSYoungGen      total 224768K, used 55280K [0x00000000eab00000, 0x0000000100000000, 0x0000000100000000)
  eden space 169472K, 0% used [0x00000000eab00000,0x00000000eab00000,0x00000000f5080000)
  from space 55296K, 99% used [0x00000000f5080000,0x00000000f867c188,0x00000000f8680000)
  to   space 92672K, 0% used [0x00000000fa580000,0x00000000fa580000,0x0000000100000000)
 ParOldGen       total 133632K, used 133325K [0x00000000c0000000, 0x00000000c8280000, 0x00000000eab00000)
  object space 133632K, 99% used [0x00000000c0000000,0x00000000c8233438,0x00000000c8280000)
 Metaspace       used 6480K, capacity 7218K, committed 7296K, reserved 1056768K
  class space    used 599K, capacity 618K, committed 640K, reserved 1048576K
Event: 35.281 GC heap after
Heap after GC invocations=13 (full 2):
 PSYoungGen      total 224768K, used 37731K [0x00000000eab00000, 0x0000000100000000, 0x0000000100000000)
  eden space 169472K, 0% used [0x00000000eab00000,0x00000000eab00000,0x00000000f5080000)
  from space 55296K, 68% used [0x00000000f5080000,0x00000000f7558d78,0x00000000f8680000)
  to   space 92672K, 0% used [0x00000000fa580000,0x00000000fa580000,0x0000000100000000)
 ParOldGen       total 216576K, used 133509K [0x00000000c0000000, 0x00000000cd380000, 0x00000000eab00000)
  object space 216576K, 61% used [0x00000000c0000000,0x00000000c82616d0,0x00000000cd380000)
 Metaspace       used 6480K, capacity 7218K, committed 7296K, reserved 1056768K
  class space    used 599K, capacity 618K, committed 640K, reserved 1048576K
}
Event: 35.880 GC heap before
{Heap before GC invocations=14 (full 2):
 PSYoungGen      total 224768K, used 207203K [0x00000000eab00000, 0x0000000100000000, 0x0000000100000000)
  eden space 169472K, 100% used [0x00000000eab00000,0x00000000f5080000,0x00000000f5080000)
  from space 55296K, 68% used [0x00000000f5080000,0x00000000f7558d78,0x00000000f8680000)
  to   space 92672K, 0% used [0x00000000fa580000,0x00000000fa580000,0x0000000100000000)
 ParOldGen       total 216576K, used 133509K [0x00000000c0000000, 0x00000000cd380000, 0x00000000eab00000)
  object space 216576K, 61% used [0x00000000c0000000,0x00000000c82616d0,0x00000000cd380000)
 Metaspace       used 6482K, capacity 7218K, committed 7296K, reserved 1056768K
  class space    used 599K, capacity 618K, committed 640K, reserved 1048576K
Event: 36.012 GC heap after
Heap after GC invocations=14 (full 2):
 PSYoungGen      total 251392K, used 54475K [0x00000000eab00000, 0x0000000100000000, 0x0000000100000000)
  eden space 158720K, 0% used [0x00000000eab00000,0x00000000eab00000,0x00000000f4600000)
  from space 92672K, 58% used [0x00000000fa580000,0x00000000fdab2f60,0x0000000100000000)
  to   space 95232K, 0% used [0x00000000f4600000,0x00000000f4600000,0x00000000fa300000)
 ParOldGen       total 216576K, used 173227K [0x00000000c0000000, 0x00000000cd380000, 0x00000000eab00000)
  object space 216576K, 79% used [0x00000000c0000000,0x00000000ca92ac80,0x00000000cd380000)
 Metaspace       used 6482K, capacity 7218K, committed 7296K, reserved 1056768K
  class space    used 599K, capacity 618K, committed 640K, reserved 1048576K
}
Event: 36.012 GC heap before
{Heap before GC invocations=15 (full 3):
 PSYoungGen      total 251392K, used 54475K [0x00000000eab00000, 0x0000000100000000, 0x0000000100000000)
  eden space 158720K, 0% used [0x00000000eab00000,0x00000000eab00000,0x00000000f4600000)
  from space 92672K, 58% used [0x00000000fa580000,0x00000000fdab2f60,0x0000000100000000)
  to   space 95232K, 0% used [0x00000000f4600000,0x00000000f4600000,0x00000000fa300000)
 ParOldGen       total 216576K, used 173227K [0x00000000c0000000, 0x00000000cd380000, 0x00000000eab00000)
  object space 216576K, 79% used [0x00000000c0000000,0x00000000ca92ac80,0x00000000cd380000)
 Metaspace       used 6482K, capacity 7218K, committed 7296K, reserved 1056768K
  class space    used 599K, capacity 618K, committed 640K, reserved 1048576K
Event: 36.857 GC heap after
Heap after GC invocations=15 (full 3):
 PSYoungGen      total 251392K, used 2672K [0x00000000eab00000, 0x0000000100000000, 0x0000000100000000)
  eden space 158720K, 0% used [0x00000000eab00000,0x00000000eab00000,0x00000000f4600000)
  from space 92672K, 2% used [0x00000000fa580000,0x00000000fa81c378,0x0000000100000000)
  to   space 95232K, 0% used [0x00000000f4600000,0x00000000f4600000,0x00000000fa300000)
 ParOldGen       total 320000K, used 216081K [0x00000000c0000000, 0x00000000d3880000, 0x00000000eab00000)
  object space 320000K, 67% used [0x00000000c0000000,0x00000000cd304528,0x00000000d3880000)
 Metaspace       used 6482K, capacity 7218K, committed 7296K, reserved 1056768K
  class space    used 599K, capacity 618K, committed 640K, reserved 1048576K
}
Event: 37.605 GC heap before
{Heap before GC invocations=16 (full 3):
 PSYoungGen      total 251392K, used 161392K [0x00000000eab00000, 0x0000000100000000, 0x0000000100000000)
  eden space 158720K, 100% used [0x00000000eab00000,0x00000000f4600000,0x00000000f4600000)
  from space 92672K, 2% used [0x00000000fa580000,0x00000000fa81c378,0x0000000100000000)
  to   space 95232K, 0% used [0x00000000f4600000,0x00000000f4600000,0x00000000fa300000)
 ParOldGen       total 320000K, used 216081K [0x00000000c0000000, 0x00000000d3880000, 0x00000000eab00000)
  object space 320000K, 67% used [0x00000000c0000000,0x00000000cd304528,0x00000000d3880000)
 Metaspace       used 6489K, capacity 7218K, committed 7296K, reserved 1056768K
  class space    used 599K, capacity 618K, committed 640K, reserved 1048576K
Event: 37.809 GC heap after
Heap after GC invocations=16 (full 3):
 PSYoungGen      total 253952K, used 45392K [0x00000000eab00000, 0x00000000fff80000, 0x0000000100000000)
  eden space 158720K, 0% used [0x00000000eab00000,0x00000000eab00000,0x00000000f4600000)
  from space 95232K, 47% used [0x00000000f4600000,0x00000000f7254288,0x00000000fa300000)
  to   space 93696K, 0% used [0x00000000fa400000,0x00000000fa400000,0x00000000fff80000)
 ParOldGen       total 320000K, used 218611K [0x00000000c0000000, 0x00000000d3880000, 0x00000000eab00000)
  object space 320000K, 68% used [0x00000000c0000000,0x00000000cd57cc50,0x00000000d3880000)
 Metaspace       used 6489K, capacity 7218K, committed 7296K, reserved 1056768K
  class space    used 599K, capacity 618K, committed 640K, reserved 1048576K
}

