# JRE version: OpenJDK Runtime Environment (8.0_76-b03) (build 1.8.0_76-release-b03)
# Java VM: OpenJDK 64-Bit Server VM (25.76-b03 mixed mode windows-amd64 compressed oops)
Heap:
 PSYoungGen      total 239104K, used 39399K [0x00000000eab00000, 0x0000000100000000, 0x0000000100000000)
  eden space 199680K, 0% used [0x00000000eab00000,0x00000000eab00000,0x00000000f6e00000)
  from space 39424K, 99% used [0x00000000fcd80000,0x00000000ff3f9c78,0x00000000ff400000)
  to   space 74752K, 0% used [0x00000000f6e00000,0x00000000f6e00000,0x00000000fb700000)
 ParOldGen       total 121344K, used 120859K [0x00000000c0000000, 0x00000000c7680000, 0x00000000eab00000)
  object space 121344K, 99% used [0x00000000c0000000,0x00000000c7606f90,0x00000000c7680000)
 Metaspace       used 6462K, capacity 7218K, committed 7296K, reserved 1056768K
  class space    used 597K, capacity 618K, committed 640K, reserved 1048576K
GC Heap History (10 events):
Event: 13.890 GC heap after
Heap after GC invocations=5 (full 0):
 PSYoungGen      total 68096K, used 2528K [0x00000000eab00000, 0x00000000f4800000, 0x0000000100000000)
  eden space 65536K, 0% used [0x00000000eab00000,0x00000000eab00000,0x00000000eeb00000)
  from space 2560K, 98% used [0x00000000eeb00000,0x00000000eed78028,0x00000000eed80000)
  to   space 14848K, 0% used [0x00000000f3980000,0x00000000f3980000,0x00000000f4800000)
 ParOldGen       total 44032K, used 20953K [0x00000000c0000000, 0x00000000c2b00000, 0x00000000eab00000)
  object space 44032K, 47% used [0x00000000c0000000,0x00000000c14765a8,0x00000000c2b00000)
 Metaspace       used 6367K, capacity 7154K, committed 7296K, reserved 1056768K
  class space    used 597K, capacity 618K, committed 640K, reserved 1048576K
}
Event: 14.568 GC heap before
{Heap before GC invocations=6 (full 0):
 PSYoungGen      total 68096K, used 68064K [0x00000000eab00000, 0x00000000f4800000, 0x0000000100000000)
  eden space 65536K, 100% used [0x00000000eab00000,0x00000000eeb00000,0x00000000eeb00000)
  from space 2560K, 98% used [0x00000000eeb00000,0x00000000eed78028,0x00000000eed80000)
  to   space 14848K, 0% used [0x00000000f3980000,0x00000000f3980000,0x00000000f4800000)
 ParOldGen       total 44032K, used 20953K [0x00000000c0000000, 0x00000000c2b00000, 0x00000000eab00000)
  object space 44032K, 47% used [0x00000000c0000000,0x00000000c14765a8,0x00000000c2b00000)
 Metaspace       used 6422K, capacity 7154K, committed 7296K, reserved 1056768K
  class space    used 597K, capacity 618K, committed 640K, reserved 1048576K
Event: 14.689 GC heap after
Heap after GC invocations=6 (full 0):
 PSYoungGen      total 143872K, used 12597K [0x00000000eab00000, 0x00000000f4c00000, 0x0000000100000000)
  eden space 129024K, 0% used [0x00000000eab00000,0x00000000eab00000,0x00000000f2900000)
  from space 14848K, 84% used [0x00000000f3980000,0x00000000f45cd7b8,0x00000000f4800000)
  to   space 16896K, 0% used [0x00000000f2900000,0x00000000f2900000,0x00000000f3980000)
 ParOldGen       total 44032K, used 20953K [0x00000000c0000000, 0x00000000c2b00000, 0x00000000eab00000)
  object space 44032K, 47% used [0x00000000c0000000,0x00000000c14765a8,0x00000000c2b00000)
 Metaspace       used 6422K, capacity 7154K, committed 7296K, reserved 1056768K
  class space    used 597K, capacity 618K, committed 640K, reserved 1048576K
}
Event: 16.625 GC heap before
{Heap before GC invocations=7 (full 0):
 PSYoungGen      total 143872K, used 141621K [0x00000000eab00000, 0x00000000f4c00000, 0x0000000100000000)
  eden space 129024K, 100% used [0x00000000eab00000,0x00000000f2900000,0x00000000f2900000)
  from space 14848K, 84% used [0x00000000f3980000,0x00000000f45cd7b8,0x00000000f4800000)
  to   space 16896K, 0% used [0x00000000f2900000,0x00000000f2900000,0x00000000f3980000)
 ParOldGen       total 44032K, used 20953K [0x00000000c0000000, 0x00000000c2b00000, 0x00000000eab00000)
  object space 44032K, 47% used [0x00000000c0000000,0x00000000c14765a8,0x00000000c2b00000)
 Metaspace       used 6462K, capacity 7218K, committed 7296K, reserved 1056768K
  class space    used 597K, capacity 618K, committed 640K, reserved 1048576K
Event: 16.808 GC heap after
Heap after GC invocations=7 (full 0):
 PSYoungGen      total 145920K, used 16882K [0x00000000eab00000, 0x00000000ff400000, 0x0000000100000000)
  eden space 129024K, 0% used [0x00000000eab00000,0x00000000eab00000,0x00000000f2900000)
  from space 16896K, 99% used [0x00000000f2900000,0x00000000f397cb88,0x00000000f3980000)
  to   space 39424K, 0% used [0x00000000fcd80000,0x00000000fcd80000,0x00000000ff400000)
 ParOldGen       total 59392K, used 59314K [0x00000000c0000000, 0x00000000c3a00000, 0x00000000eab00000)
  object space 59392K, 99% used [0x00000000c0000000,0x00000000c39ec9c0,0x00000000c3a00000)
 Metaspace       used 6462K, capacity 7218K, committed 7296K, reserved 1056768K
  class space    used 597K, capacity 618K, committed 640K, reserved 1048576K
}
Event: 16.808 GC heap before
{Heap before GC invocations=8 (full 1):
 PSYoungGen      total 145920K, used 16882K [0x00000000eab00000, 0x00000000ff400000, 0x0000000100000000)
  eden space 129024K, 0% used [0x00000000eab00000,0x00000000eab00000,0x00000000f2900000)
  from space 16896K, 99% used [0x00000000f2900000,0x00000000f397cb88,0x00000000f3980000)
  to   space 39424K, 0% used [0x00000000fcd80000,0x00000000fcd80000,0x00000000ff400000)
 ParOldGen       total 59392K, used 59314K [0x00000000c0000000, 0x00000000c3a00000, 0x00000000eab00000)
  object space 59392K, 99% used [0x00000000c0000000,0x00000000c39ec9c0,0x00000000c3a00000)
 Metaspace       used 6462K, capacity 7218K, committed 7296K, reserved 1056768K
  class space    used 597K, capacity 618K, committed 640K, reserved 1048576K
Event: 18.402 GC heap after
Heap after GC invocations=8 (full 1):
 PSYoungGen      total 145920K, used 14233K [0x00000000eab00000, 0x00000000ff400000, 0x0000000100000000)
  eden space 129024K, 0% used [0x00000000eab00000,0x00000000eab00000,0x00000000f2900000)
  from space 16896K, 84% used [0x00000000f2900000,0x00000000f36e6730,0x00000000f3980000)
  to   space 39424K, 0% used [0x00000000fcd80000,0x00000000fcd80000,0x00000000ff400000)
 ParOldGen       total 111104K, used 59138K [0x00000000c0000000, 0x00000000c6c80000, 0x00000000eab00000)
  object space 111104K, 53% used [0x00000000c0000000,0x00000000c39c0a80,0x00000000c6c80000)
 Metaspace       used 6462K, capacity 7218K, committed 7296K, reserved 1056768K
  class space    used 597K, capacity 618K, committed 640K, reserved 1048576K
}
Event: 18.481 GC heap before
{Heap before GC invocations=9 (full 1):
 PSYoungGen      total 145920K, used 143257K [0x00000000eab00000, 0x00000000ff400000, 0x0000000100000000)
  eden space 129024K, 100% used [0x00000000eab00000,0x00000000f2900000,0x00000000f2900000)
  from space 16896K, 84% used [0x00000000f2900000,0x00000000f36e6730,0x00000000f3980000)
  to   space 39424K, 0% used [0x00000000fcd80000,0x00000000fcd80000,0x00000000ff400000)
 ParOldGen       total 111104K, used 59138K [0x00000000c0000000, 0x00000000c6c80000, 0x00000000eab00000)
  object space 111104K, 53% used [0x00000000c0000000,0x00000000c39c0a80,0x00000000c6c80000)
 Metaspace       used 6462K, capacity 7218K, committed 7296K, reserved 1056768K
  class space    used 597K, capacity 618K, committed 640K, reserved 1048576K
Event: 18.886 GC heap after
Heap after GC invocations=9 (full 1):
 PSYoungGen      total 239104K, used 39399K [0x00000000eab00000, 0x0000000100000000, 0x0000000100000000)
  eden space 199680K, 0% used [0x00000000eab00000,0x00000000eab00000,0x00000000f6e00000)
  from space 39424K, 99% used [0x00000000fcd80000,0x00000000ff3f9c78,0x00000000ff400000)
  to   space 74752K, 0% used [0x00000000f6e00000,0x00000000f6e00000,0x00000000fb700000)
 ParOldGen       total 121344K, used 120859K [0x00000000c0000000, 0x00000000c7680000, 0x00000000eab00000)
  object space 121344K, 99% used [0x00000000c0000000,0x00000000c7606f90,0x00000000c7680000)
 Metaspace       used 6462K, capacity 7218K, committed 7296K, reserved 1056768K
  class space    used 597K, capacity 618K, committed 640K, reserved 1048576K
}
Event: 18.886 GC heap before
{Heap before GC invocations=10 (full 2):
 PSYoungGen      total 239104K, used 39399K [0x00000000eab00000, 0x0000000100000000, 0x0000000100000000)
  eden space 199680K, 0% used [0x00000000eab00000,0x00000000eab00000,0x00000000f6e00000)
  from space 39424K, 99% used [0x00000000fcd80000,0x00000000ff3f9c78,0x00000000ff400000)
  to   space 74752K, 0% used [0x00000000f6e00000,0x00000000f6e00000,0x00000000fb700000)
 ParOldGen       total 121344K, used 120859K [0x00000000c0000000, 0x00000000c7680000, 0x00000000eab00000)
  object space 121344K, 99% used [0x00000000c0000000,0x00000000c7606f90,0x00000000c7680000)
 Metaspace       used 6462K, capacity 7218K, committed 7296K, reserved 1056768K
  class space    used 597K, capacity 618K, committed 640K, reserved 1048576K

